<?xml version="1.0" encoding="utf-8"?><testsuites><testsuite name="pytest" errors="0" failures="0" skipped="0" tests="20" time="0.641" timestamp="2024-06-30T02:47:10.120766" hostname="2dfd3cc7a1ca"><testcase classname="tests.test_output" name="test_fetch_gemini_stream_data" time="0.014" /><testcase classname="tests.test_output" name="test_fetch_gemini_stream_data_success" time="0.008" /><testcase classname="tests.test_output" name="test_fetch_gemini_stream_data_http_error" time="0.007" /><testcase classname="tests.test_output" name="test_fetch_gemini_stream_data_remote_protocol_error" time="0.007" /><testcase classname="tests.test_output" name="test_fetch_gemini_stream_data_request_error" time="0.007" /><testcase classname="tests.test_output" name="test_fetch_gemini_stream_data_timeout_error" time="0.007" /><testcase classname="tests.test_output" name="test_fetch_gemini_stream_data_exception_error" time="0.007" /><testcase classname="tests.test_output" name="test_create_pdf_to_markdown_summary" time="0.010" /><testcase classname="tests.test_select_files" name="test_get_files_list_success" time="0.011" /><testcase classname="tests.test_select_files" name="test_get_files_list_http_status_error" time="0.008" /><testcase classname="tests.test_select_files" name="test_get_files_list_request_error" time="0.008" /><testcase classname="tests.test_select_files" name="test_get_files_list_general_exception" time="0.008" /><testcase classname="tests.test_select_files" name="test_show_files_list_df" time="0.029" /><testcase classname="tests.test_select_files" name="test_time_format" time="0.000" /><testcase classname="tests.test_select_files" name="test_update" time="0.001" /><testcase classname="tests.test_select_files" name="test_get_selected_files" time="0.001" /><testcase classname="tests.test_select_files" name="test_get_selected_files_empty_df" time="0.000" /><testcase classname="tests.test_select_files" name="test_update_note_name" time="0.000" /><testcase classname="tests.test_select_files" name="test_show_select_files_page" time="0.071" /><testcase classname="tests.test_select_files" name="test_reset_button" time="0.045" /></testsuite></testsuites>